{
  "took" : 1,
  "timed_out" : false,
  "_shards" : {
    "total" : 3,
    "successful" : 3,
    "skipped" : 0,
    "failed" : 0
  },
  "hits" : {
    "total" : {
      "value" : 17,
      "relation" : "eq"
    },
    "max_score" : 1.0,
    "hits" : [
      {
        "_index" : "wazuh-alerts-3.x-2022.11.11",
        "_type" : "_doc",
        "_id" : "669VaIQBDfUCqeglozRB",
        "_score" : 1.0,
        "_source" : {
          "agent" : {
            "ip" : "192.168.100.100",
            "name" : "workstation",
            "id" : "007"
          },
          "manager" : {
            "name" : "wazuhmanager"
          },
          "data" : {
            "win" : {
              "eventdata" : {
                "subjectLogonId" : "0x0",
                "ipAddress" : "10.222.222.45",
                "authenticationPackageName" : "NTLM",
                "workstationName" : "t0urBRWXROnkb7zi",
                "subStatus" : "0xc0000064",
                "logonProcessName" : "NtLmSsp",
                "keyLength" : "0",
                "subjectUserSid" : "S-1-0-0",
                "processId" : "0x0",
                "ipPort" : "39757",
                "failureReason" : "%%2313",
                "targetUserSid" : "S-1-0-0",
                "logonType" : "3",
                "status" : "0xc000006d"
              },
              "system" : {
                "eventID" : "4625",
                "keywords" : "0x8010000000000000",
                "providerGuid" : "{54849625-5478-4994-A5BA-3E3B0328C30D}",
                "level" : "0",
                "channel" : "Security",
                "opcode" : "0",
                "message" : "\"An account failed to log on.\r\n\r\nSubject:\r\n\tSecurity ID:\t\tS-1-0-0\r\n\tAccount Name:\t\t-\r\n\tAccount Domain:\t\t-\r\n\tLogon ID:\t\t0x0\r\n\r\nLogon Type:\t\t\t3\r\n\r\nAccount For Which Logon Failed:\r\n\tSecurity ID:\t\tS-1-0-0\r\n\tAccount Name:\t\t\r\n\tAccount Domain:\t\t\r\n\r\nFailure Information:\r\n\tFailure Reason:\t\tUnknown user name or bad password.\r\n\tStatus:\t\t\t0xc000006d\r\n\tSub Status:\t\t0xc0000064\r\n\r\nProcess Information:\r\n\tCaller Process ID:\t0x0\r\n\tCaller Process Name:\t-\r\n\r\nNetwork Information:\r\n\tWorkstation Name:\tt0urBRWXROnkb7zi\r\n\tSource Network Address:\t10.222.222.45\r\n\tSource Port:\t\t39757\r\n\r\nDetailed Authentication Information:\r\n\tLogon Process:\t\tNtLmSsp \r\n\tAuthentication Package:\tNTLM\r\n\tTransited Services:\t-\r\n\tPackage Name (NTLM only):\t-\r\n\tKey Length:\t\t0\r\n\r\nThis event is generated when a logon request fails. It is generated on the computer where access was attempted.\r\n\r\nThe Subject fields indicate the account on the local system which requested the logon. This is most commonly a service such as the Server service, or a local process such as Winlogon.exe or Services.exe.\r\n\r\nThe Logon Type field indicates the kind of logon that was requested. The most common types are 2 (interactive) and 3 (network).\r\n\r\nThe Process Information fields indicate which account and process on the system requested the logon.\r\n\r\nThe Network Information fields indicate where a remote logon request originated. Workstation name is not always available and may be left blank in some cases.\r\n\r\nThe authentication information fields provide detailed information about this specific logon request.\r\n\t- Transited services indicate which intermediate services have participated in this logon request.\r\n\t- Package name indicates which sub-protocol was used among the NTLM protocols.\r\n\t- Key length indicates the length of the generated session key. This will be 0 if no session key was requested.\"",
                "version" : "0",
                "systemTime" : "2022-11-12T02:15:52.311600000Z",
                "eventRecordID" : "2001",
                "threadID" : "2528",
                "computer" : "ws-ot",
                "task" : "12544",
                "processID" : "460",
                "severityValue" : "AUDIT_FAILURE",
                "providerName" : "Microsoft-Windows-Security-Auditing"
              }
            }
          },
          "rule" : {
            "firedtimes" : 4,
            "mail" : false,
            "level" : 5,
            "pci_dss" : [
              "10.2.4",
              "10.2.5"
            ],
            "hipaa" : [
              "164.312.b"
            ],
            "tsc" : [
              "CC6.1",
              "CC6.8",
              "CC7.2",
              "CC7.3"
            ],
            "description" : "Logon Failure - Unknown user or bad password",
            "groups" : [
              "windows",
              "windows_security",
              "win_authentication_failed"
            ],
            "id" : "60122",
            "nist_800_53" : [
              "AU.14",
              "AC.7"
            ],
            "gpg13" : [
              "7.1"
            ],
            "gdpr" : [
              "IV_35.7.d",
              "IV_32.2"
            ]
          },
          "decoder" : {
            "name" : "windows_eventchannel"
          },
          "input" : {
            "type" : "log"
          },
          "@timestamp" : "2022-11-11T20:15:50.836Z",
          "location" : "EventChannel",
          "id" : "1668197750.1013920",
          "timestamp" : "2022-11-11T20:15:50.836+0000"
        }
      },
      {
        "_index" : "wazuh-alerts-3.x-2022.11.11",
        "_type" : "_doc",
        "_id" : "5LBZaIQBDfUCqeglqgSH",
        "_score" : 1.0,
        "_source" : {
          "agent" : {
            "ip" : "192.168.100.100",
            "name" : "workstation",
            "id" : "007"
          },
          "manager" : {
            "name" : "wazuhmanager"
          },
          "data" : {
            "win" : {
              "eventdata" : {
                "data" : "0, WindowsUpdateFailure, Not available, 0, 7.3.7600.16385, 80072efe, D67661EB-2423-451D-BF5D-13199E37DF28, Scan, 101, Unmanaged, C:\\\\ProgramData\\\\Microsoft\\\\Windows\\\\WER\\\\ReportQueue\\\\NonCritical_7.3.7600.16385_e91fd7fdd27877d2797d21d2916be09151e83d_cab_063ecc91, 0, 8a30ee00-7039-11ec-98e2-c516cfe5108f, 0"
              },
              "system" : {
                "eventRecordID" : "414",
                "eventID" : "1001",
                "computer" : "ws-ot",
                "task" : "0",
                "keywords" : "0x80000000000000",
                "level" : "4",
                "severityValue" : "INFORMATION",
                "channel" : "Application",
                "message" : "\"Fault bucket , type 0\r\nEvent Name: WindowsUpdateFailure\r\nResponse: Not available\r\nCab Id: 0\r\n\r\nProblem signature:\r\nP1: 7.3.7600.16385\r\nP2: 80072efe\r\nP3: D67661EB-2423-451D-BF5D-13199E37DF28\r\nP4: Scan\r\nP5: 101\r\nP6: Unmanaged\r\nP7: \r\nP8: \r\nP9: \r\nP10: \r\n\r\nAttached files:\r\n\r\nThese files may be available here:\r\nC:\\ProgramData\\Microsoft\\Windows\\WER\\ReportQueue\\NonCritical_7.3.7600.16385_e91fd7fdd27877d2797d21d2916be09151e83d_cab_063ecc91\r\n\r\nAnalysis symbol: \r\nRechecking for solution: 0\r\nReport Id: 8a30ee00-7039-11ec-98e2-c516cfe5108f\r\nReport Status: 0\"",
                "systemTime" : "2022-11-12T02:20:16.000000000Z",
                "providerName" : "Windows Error Reporting"
              }
            }
          },
          "rule" : {
            "firedtimes" : 5,
            "mail" : false,
            "level" : 4,
            "description" : "Summary event of the report's signatures",
            "groups" : [
              "windows",
              "windows_application"
            ],
            "id" : "60608"
          },
          "decoder" : {
            "name" : "windows_eventchannel"
          },
          "input" : {
            "type" : "log"
          },
          "@timestamp" : "2022-11-11T20:20:14.689Z",
          "location" : "EventChannel",
          "id" : "1668198014.1036798",
          "timestamp" : "2022-11-11T20:20:14.689+0000"
        }
      },
      {
        "_index" : "wazuh-alerts-3.x-2022.11.11",
        "_type" : "_doc",
        "_id" : "qLBZaIQBDfUCqeglxQni",
        "_score" : 1.0,
        "_source" : {
          "agent" : {
            "ip" : "192.168.100.100",
            "name" : "workstation",
            "id" : "007"
          },
          "manager" : {
            "name" : "wazuhmanager"
          },
          "data" : {
            "win" : {
              "eventdata" : {
                "data" : "0, MpTelemetry, Not available, 0, 8024402c, EndSearch, Search, 6.1.7600.16385, MpSigDwn.dll, 6.1.7600.16385, Windows Defender, C:\\\\ProgramData\\\\Microsoft\\\\Windows\\\\WER\\\\ReportQueue\\\\NonCritical_8024402c_a728027ac40dacf25be0b7dcff722b28db819_03c15fdb, 0, 1e7b4ef0-6082-11ed-b565-00252aff2c9e, 0"
              },
              "system" : {
                "eventRecordID" : "417",
                "eventID" : "1001",
                "computer" : "ws-ot",
                "task" : "0",
                "keywords" : "0x80000000000000",
                "level" : "4",
                "severityValue" : "INFORMATION",
                "channel" : "Application",
                "message" : "\"Fault bucket , type 0\r\nEvent Name: MpTelemetry\r\nResponse: Not available\r\nCab Id: 0\r\n\r\nProblem signature:\r\nP1: 8024402c\r\nP2: EndSearch\r\nP3: Search\r\nP4: 6.1.7600.16385\r\nP5: MpSigDwn.dll\r\nP6: 6.1.7600.16385\r\nP7: Windows Defender\r\nP8: \r\nP9: \r\nP10: \r\n\r\nAttached files:\r\n\r\nThese files may be available here:\r\nC:\\ProgramData\\Microsoft\\Windows\\WER\\ReportQueue\\NonCritical_8024402c_a728027ac40dacf25be0b7dcff722b28db819_03c15fdb\r\n\r\nAnalysis symbol: \r\nRechecking for solution: 0\r\nReport Id: 1e7b4ef0-6082-11ed-b565-00252aff2c9e\r\nReport Status: 0\"",
                "systemTime" : "2022-11-12T02:20:24.000000000Z",
                "providerName" : "Windows Error Reporting"
              }
            }
          },
          "rule" : {
            "firedtimes" : 8,
            "mail" : false,
            "level" : 4,
            "description" : "Summary event of the report's signatures",
            "groups" : [
              "windows",
              "windows_application"
            ],
            "id" : "60608"
          },
          "decoder" : {
            "name" : "windows_eventchannel"
          },
          "input" : {
            "type" : "log"
          },
          "@timestamp" : "2022-11-11T20:20:22.550Z",
          "location" : "EventChannel",
          "id" : "1668198022.1044912",
          "timestamp" : "2022-11-11T20:20:22.550+0000"
        }
      },
      {
        "_index" : "wazuh-alerts-3.x-2022.11.11",
        "_type" : "_doc",
        "_id" : "prBZaIQBDfUCqegl-BSu",
        "_score" : 1.0,
        "_source" : {
          "agent" : {
            "ip" : "192.168.100.100",
            "name" : "workstation",
            "id" : "007"
          },
          "manager" : {
            "name" : "wazuhmanager"
          },
          "data" : {
            "win" : {
              "eventdata" : {
                "data" : "0, MpTelemetry, Not available, 0, 8024402c, EndSearch, Search, 6.1.7600.16385, MpSigDwn.dll, 6.1.7600.16385, Windows Defender,   C:\\\\Windows\\\\Temp\\\\MPTelemetrySubmit\\\\client_manifest.txt, C:\\\\ProgramData\\\\Microsoft\\\\Windows\\\\WER\\\\ReportQueue\\\\NonCritical_8024402c_a728027ac40dacf25be0b7dcff722b28db819_cab_01843275, 0, 543e3cb0-6081-11ed-b565-00252aff2c9e, 0"
              },
              "system" : {
                "eventRecordID" : "422",
                "eventID" : "1001",
                "computer" : "ws-ot",
                "task" : "0",
                "keywords" : "0x80000000000000",
                "level" : "4",
                "severityValue" : "INFORMATION",
                "channel" : "Application",
                "message" : "\"Fault bucket , type 0\r\nEvent Name: MpTelemetry\r\nResponse: Not available\r\nCab Id: 0\r\n\r\nProblem signature:\r\nP1: 8024402c\r\nP2: EndSearch\r\nP3: Search\r\nP4: 6.1.7600.16385\r\nP5: MpSigDwn.dll\r\nP6: 6.1.7600.16385\r\nP7: Windows Defender\r\nP8: \r\nP9: \r\nP10: \r\n\r\nAttached files:\r\nC:\\Windows\\Temp\\MPTelemetrySubmit\\client_manifest.txt\r\n\r\nThese files may be available here:\r\nC:\\ProgramData\\Microsoft\\Windows\\WER\\ReportQueue\\NonCritical_8024402c_a728027ac40dacf25be0b7dcff722b28db819_cab_01843275\r\n\r\nAnalysis symbol: \r\nRechecking for solution: 0\r\nReport Id: 543e3cb0-6081-11ed-b565-00252aff2c9e\r\nReport Status: 0\"",
                "systemTime" : "2022-11-12T02:20:37.000000000Z",
                "providerName" : "Windows Error Reporting"
              }
            }
          },
          "rule" : {
            "firedtimes" : 13,
            "mail" : false,
            "level" : 4,
            "description" : "Summary event of the report's signatures",
            "groups" : [
              "windows",
              "windows_application"
            ],
            "id" : "60608"
          },
          "decoder" : {
            "name" : "windows_eventchannel"
          },
          "input" : {
            "type" : "log"
          },
          "@timestamp" : "2022-11-11T20:20:35.670Z",
          "location" : "EventChannel",
          "id" : "1668198035.1057892",
          "timestamp" : "2022-11-11T20:20:35.670+0000"
        }
      },
      {
        "_index" : "wazuh-alerts-3.x-2022.11.11",
        "_type" : "_doc",
        "_id" : "RLBaaIQBDfUCqeglBBZo",
        "_score" : 1.0,
        "_source" : {
          "agent" : {
            "ip" : "192.168.100.100",
            "name" : "workstation",
            "id" : "007"
          },
          "manager" : {
            "name" : "wazuhmanager"
          },
          "data" : {
            "win" : {
              "eventdata" : {
                "data" : "0, PnPGenericDriverFound, Not available, 0, x64, PCI\\\\VEN_1234&amp;DEV_1111&amp;SUBSYS_11001AF4&amp;REV_02, C:\\\\ProgramData\\\\Microsoft\\\\Windows\\\\WER\\\\ReportQueue\\\\NonCritical_x64_14581a24ae3cd03160d66be822236893de867_cab_07056f36, 0, 00ff9de0-7041-11ec-b9ee-b23daec04465, 0"
              },
              "system" : {
                "eventRecordID" : "423",
                "eventID" : "1001",
                "computer" : "ws-ot",
                "task" : "0",
                "keywords" : "0x80000000000000",
                "level" : "4",
                "severityValue" : "INFORMATION",
                "channel" : "Application",
                "message" : "\"Fault bucket , type 0\r\nEvent Name: PnPGenericDriverFound\r\nResponse: Not available\r\nCab Id: 0\r\n\r\nProblem signature:\r\nP1: x64\r\nP2: PCI\\VEN_1234&DEV_1111&SUBSYS_11001AF4&REV_02\r\nP3: \r\nP4: \r\nP5: \r\nP6: \r\nP7: \r\nP8: \r\nP9: \r\nP10: \r\n\r\nAttached files:\r\n\r\nThese files may be available here:\r\nC:\\ProgramData\\Microsoft\\Windows\\WER\\ReportQueue\\NonCritical_x64_14581a24ae3cd03160d66be822236893de867_cab_07056f36\r\n\r\nAnalysis symbol: \r\nRechecking for solution: 0\r\nReport Id: 00ff9de0-7041-11ec-b9ee-b23daec04465\r\nReport Status: 0\"",
                "systemTime" : "2022-11-12T02:20:40.000000000Z",
                "providerName" : "Windows Error Reporting"
              }
            }
          },
          "rule" : {
            "firedtimes" : 14,
            "mail" : false,
            "level" : 4,
            "description" : "Summary event of the report's signatures",
            "groups" : [
              "windows",
              "windows_application"
            ],
            "id" : "60608"
          },
          "decoder" : {
            "name" : "windows_eventchannel"
          },
          "input" : {
            "type" : "log"
          },
          "@timestamp" : "2022-11-11T20:20:38.292Z",
          "location" : "EventChannel",
          "id" : "1668198038.1060750",
          "timestamp" : "2022-11-11T20:20:38.292+0000"
        }
      },
      {
        "_index" : "wazuh-alerts-3.x-2022.11.11",
        "_type" : "_doc",
        "_id" : "v7BZaIQBDfUCqeglmgHt",
        "_score" : 1.0,
        "_source" : {
          "agent" : {
            "ip" : "192.168.100.100",
            "name" : "workstation",
            "id" : "007"
          },
          "manager" : {
            "name" : "wazuhmanager"
          },
          "data" : {
            "win" : {
              "eventdata" : {
                "data" : "0, PnPDriverNotFound, Not available, 0, x64, {6FDE7547-1B65-48ae-B628-80BE62016026}\\\\VIOSerialPort,   C:\\\\Users\\\\admin\\\\AppData\\\\Local\\\\Temp\\\\DMI450A.tmp.log.xml, C:\\\\Users\\\\admin\\\\AppData\\\\Local\\\\Microsoft\\\\Windows\\\\WER\\\\ReportQueue\\\\NonCritical_x64_f76302232e02c698532e7939b618d18758799a2_cab_0904452a, 0, d9815a01-a011-11ec-bae0-f0d1976a3154, 0"
              },
              "system" : {
                "eventRecordID" : "412",
                "eventID" : "1001",
                "computer" : "ws-ot",
                "task" : "0",
                "keywords" : "0x80000000000000",
                "level" : "4",
                "severityValue" : "INFORMATION",
                "channel" : "Application",
                "message" : "\"Fault bucket , type 0\r\nEvent Name: PnPDriverNotFound\r\nResponse: Not available\r\nCab Id: 0\r\n\r\nProblem signature:\r\nP1: x64\r\nP2: {6FDE7547-1B65-48ae-B628-80BE62016026}\\VIOSerialPort\r\nP3: \r\nP4: \r\nP5: \r\nP6: \r\nP7: \r\nP8: \r\nP9: \r\nP10: \r\n\r\nAttached files:\r\nC:\\Users\\admin\\AppData\\Local\\Temp\\DMI450A.tmp.log.xml\r\n\r\nThese files may be available here:\r\nC:\\Users\\admin\\AppData\\Local\\Microsoft\\Windows\\WER\\ReportQueue\\NonCritical_x64_f76302232e02c698532e7939b618d18758799a2_cab_0904452a\r\n\r\nAnalysis symbol: \r\nRechecking for solution: 0\r\nReport Id: d9815a01-a011-11ec-bae0-f0d1976a3154\r\nReport Status: 0\"",
                "systemTime" : "2022-11-12T02:20:11.000000000Z",
                "providerName" : "Windows Error Reporting"
              }
            }
          },
          "rule" : {
            "firedtimes" : 3,
            "mail" : false,
            "level" : 4,
            "description" : "Summary event of the report's signatures",
            "groups" : [
              "windows",
              "windows_application"
            ],
            "id" : "60608"
          },
          "decoder" : {
            "name" : "windows_eventchannel"
          },
          "input" : {
            "type" : "log"
          },
          "@timestamp" : "2022-11-11T20:20:09.448Z",
          "location" : "EventChannel",
          "id" : "1668198009.1031298",
          "timestamp" : "2022-11-11T20:20:09.448+0000"
        }
      },
      {
        "_index" : "wazuh-alerts-3.x-2022.11.11",
        "_type" : "_doc",
        "_id" : "xbBZaIQBDfUCqeglngHO",
        "_score" : 1.0,
        "_source" : {
          "agent" : {
            "ip" : "192.168.100.100",
            "name" : "workstation",
            "id" : "007"
          },
          "manager" : {
            "name" : "wazuhmanager"
          },
          "data" : {
            "win" : {
              "eventdata" : {
                "data" : "0, WindowsUpdateFailure, Not available, 0, 7.3.7600.16385, 80072efe, 00000000-0000-0000-0000-000000000000, Scan, 101, Unmanaged, C:\\\\ProgramData\\\\Microsoft\\\\Windows\\\\WER\\\\ReportQueue\\\\NonCritical_7.3.7600.16385_83d89db3bee8694b325a46ad46dd6fefb24c93ab_cab_08763cc1, 0, e5978a90-703b-11ec-98e2-c516cfe5108f, 0"
              },
              "system" : {
                "eventRecordID" : "413",
                "eventID" : "1001",
                "computer" : "ws-ot",
                "task" : "0",
                "keywords" : "0x80000000000000",
                "level" : "4",
                "severityValue" : "INFORMATION",
                "channel" : "Application",
                "message" : "\"Fault bucket , type 0\r\nEvent Name: WindowsUpdateFailure\r\nResponse: Not available\r\nCab Id: 0\r\n\r\nProblem signature:\r\nP1: 7.3.7600.16385\r\nP2: 80072efe\r\nP3: 00000000-0000-0000-0000-000000000000\r\nP4: Scan\r\nP5: 101\r\nP6: Unmanaged\r\nP7: \r\nP8: \r\nP9: \r\nP10: \r\n\r\nAttached files:\r\n\r\nThese files may be available here:\r\nC:\\ProgramData\\Microsoft\\Windows\\WER\\ReportQueue\\NonCritical_7.3.7600.16385_83d89db3bee8694b325a46ad46dd6fefb24c93ab_cab_08763cc1\r\n\r\nAnalysis symbol: \r\nRechecking for solution: 0\r\nReport Id: e5978a90-703b-11ec-98e2-c516cfe5108f\r\nReport Status: 0\"",
                "systemTime" : "2022-11-12T02:20:14.000000000Z",
                "providerName" : "Windows Error Reporting"
              }
            }
          },
          "rule" : {
            "firedtimes" : 4,
            "mail" : false,
            "level" : 4,
            "description" : "Summary event of the report's signatures",
            "groups" : [
              "windows",
              "windows_application"
            ],
            "id" : "60608"
          },
          "decoder" : {
            "name" : "windows_eventchannel"
          },
          "input" : {
            "type" : "log"
          },
          "@timestamp" : "2022-11-11T20:20:12.068Z",
          "location" : "EventChannel",
          "id" : "1668198012.1034138",
          "timestamp" : "2022-11-11T20:20:12.068+0000"
        }
      },
      {
        "_index" : "wazuh-alerts-3.x-2022.11.11",
        "_type" : "_doc",
        "_id" : "w7BZaIQBDfUCqegl0Qyb",
        "_score" : 1.0,
        "_source" : {
          "agent" : {
            "ip" : "192.168.100.100",
            "name" : "workstation",
            "id" : "007"
          },
          "manager" : {
            "name" : "wazuhmanager"
          },
          "data" : {
            "win" : {
              "eventdata" : {
                "data" : "0, MpTelemetry, Not available, 0, 8024402c, EndSearch, Search, 6.1.7600.16385, MpSigDwn.dll, 6.1.7600.16385, Windows Defender, C:\\\\ProgramData\\\\Microsoft\\\\Windows\\\\WER\\\\ReportQueue\\\\NonCritical_8024402c_a728027ac40dacf25be0b7dcff722b28db819_0685709d, 0, 66c83390-6086-11ed-b565-00252aff2c9e, 0"
              },
              "system" : {
                "eventRecordID" : "418",
                "eventID" : "1001",
                "computer" : "ws-ot",
                "task" : "0",
                "keywords" : "0x80000000000000",
                "level" : "4",
                "severityValue" : "INFORMATION",
                "channel" : "Application",
                "message" : "\"Fault bucket , type 0\r\nEvent Name: MpTelemetry\r\nResponse: Not available\r\nCab Id: 0\r\n\r\nProblem signature:\r\nP1: 8024402c\r\nP2: EndSearch\r\nP3: Search\r\nP4: 6.1.7600.16385\r\nP5: MpSigDwn.dll\r\nP6: 6.1.7600.16385\r\nP7: Windows Defender\r\nP8: \r\nP9: \r\nP10: \r\n\r\nAttached files:\r\n\r\nThese files may be available here:\r\nC:\\ProgramData\\Microsoft\\Windows\\WER\\ReportQueue\\NonCritical_8024402c_a728027ac40dacf25be0b7dcff722b28db819_0685709d\r\n\r\nAnalysis symbol: \r\nRechecking for solution: 0\r\nReport Id: 66c83390-6086-11ed-b565-00252aff2c9e\r\nReport Status: 0\"",
                "systemTime" : "2022-11-12T02:20:27.000000000Z",
                "providerName" : "Windows Error Reporting"
              }
            }
          },
          "rule" : {
            "firedtimes" : 9,
            "mail" : false,
            "level" : 4,
            "description" : "Summary event of the report's signatures",
            "groups" : [
              "windows",
              "windows_application"
            ],
            "id" : "60608"
          },
          "decoder" : {
            "name" : "windows_eventchannel"
          },
          "input" : {
            "type" : "log"
          },
          "@timestamp" : "2022-11-11T20:20:25.187Z",
          "location" : "EventChannel",
          "id" : "1668198025.1047508",
          "timestamp" : "2022-11-11T20:20:25.187+0000"
        }
      },
      {
        "_index" : "wazuh-alerts-3.x-2022.11.11",
        "_type" : "_doc",
        "_id" : "GrBZaIQBDfUCqegl9BPG",
        "_score" : 1.0,
        "_source" : {
          "agent" : {
            "ip" : "192.168.100.100",
            "name" : "workstation",
            "id" : "007"
          },
          "manager" : {
            "name" : "wazuhmanager"
          },
          "data" : {
            "win" : {
              "eventdata" : {
                "data" : "0, MpTelemetry, Not available, 0, 8024402c, EndSearch, Search, 6.1.7600.16385, MpSigDwn.dll, 6.1.7600.16385, Windows Defender, C:\\\\ProgramData\\\\Microsoft\\\\Windows\\\\WER\\\\ReportQueue\\\\NonCritical_8024402c_a728027ac40dacf25be0b7dcff722b28db819_0f471f9b, 0, 53cc13f0-61bd-11ed-b565-00252aff2c9e, 0"
              },
              "system" : {
                "eventRecordID" : "421",
                "eventID" : "1001",
                "computer" : "ws-ot",
                "task" : "0",
                "keywords" : "0x80000000000000",
                "level" : "4",
                "severityValue" : "INFORMATION",
                "channel" : "Application",
                "message" : "\"Fault bucket , type 0\r\nEvent Name: MpTelemetry\r\nResponse: Not available\r\nCab Id: 0\r\n\r\nProblem signature:\r\nP1: 8024402c\r\nP2: EndSearch\r\nP3: Search\r\nP4: 6.1.7600.16385\r\nP5: MpSigDwn.dll\r\nP6: 6.1.7600.16385\r\nP7: Windows Defender\r\nP8: \r\nP9: \r\nP10: \r\n\r\nAttached files:\r\n\r\nThese files may be available here:\r\nC:\\ProgramData\\Microsoft\\Windows\\WER\\ReportQueue\\NonCritical_8024402c_a728027ac40dacf25be0b7dcff722b28db819_0f471f9b\r\n\r\nAnalysis symbol: \r\nRechecking for solution: 0\r\nReport Id: 53cc13f0-61bd-11ed-b565-00252aff2c9e\r\nReport Status: 0\"",
                "systemTime" : "2022-11-12T02:20:35.000000000Z",
                "providerName" : "Windows Error Reporting"
              }
            }
          },
          "rule" : {
            "firedtimes" : 12,
            "mail" : false,
            "level" : 4,
            "description" : "Summary event of the report's signatures",
            "groups" : [
              "windows",
              "windows_application"
            ],
            "id" : "60608"
          },
          "decoder" : {
            "name" : "windows_eventchannel"
          },
          "input" : {
            "type" : "log"
          },
          "@timestamp" : "2022-11-11T20:20:33.050Z",
          "location" : "EventChannel",
          "id" : "1668198033.1055296",
          "timestamp" : "2022-11-11T20:20:33.050+0000"
        }
      },
      {
        "_index" : "wazuh-alerts-3.x-2022.11.11",
        "_type" : "_doc",
        "_id" : "2rBaaIQBDfUCqeglEBch",
        "_score" : 1.0,
        "_source" : {
          "agent" : {
            "ip" : "192.168.100.100",
            "name" : "workstation",
            "id" : "007"
          },
          "manager" : {
            "name" : "wazuhmanager"
          },
          "data" : {
            "win" : {
              "eventdata" : {
                "data" : "0, PnPDriverNotFound, Not available, 0, x64, ACPI\\\\QEMU0002,   C:\\\\Windows\\\\Temp\\\\DMIC5AE.tmp.log.xml, C:\\\\ProgramData\\\\Microsoft\\\\Windows\\\\WER\\\\ReportQueue\\\\NonCritical_x64_7e7688eac2ab845272f4daac96479e93e0f0a5_cab_06f1c62b, 0, 0e3fa540-7041-11ec-b9ee-84544cfc73cc, 0"
              },
              "system" : {
                "eventRecordID" : "424",
                "eventID" : "1001",
                "computer" : "ws-ot",
                "task" : "0",
                "keywords" : "0x80000000000000",
                "level" : "4",
                "severityValue" : "INFORMATION",
                "channel" : "Application",
                "message" : "\"Fault bucket , type 0\r\nEvent Name: PnPDriverNotFound\r\nResponse: Not available\r\nCab Id: 0\r\n\r\nProblem signature:\r\nP1: x64\r\nP2: ACPI\\QEMU0002\r\nP3: \r\nP4: \r\nP5: \r\nP6: \r\nP7: \r\nP8: \r\nP9: \r\nP10: \r\n\r\nAttached files:\r\nC:\\Windows\\Temp\\DMIC5AE.tmp.log.xml\r\n\r\nThese files may be available here:\r\nC:\\ProgramData\\Microsoft\\Windows\\WER\\ReportQueue\\NonCritical_x64_7e7688eac2ab845272f4daac96479e93e0f0a5_cab_06f1c62b\r\n\r\nAnalysis symbol: \r\nRechecking for solution: 0\r\nReport Id: 0e3fa540-7041-11ec-b9ee-84544cfc73cc\r\nReport Status: 0\"",
                "systemTime" : "2022-11-12T02:20:43.000000000Z",
                "providerName" : "Windows Error Reporting"
              }
            }
          },
          "rule" : {
            "firedtimes" : 15,
            "mail" : false,
            "level" : 4,
            "description" : "Summary event of the report's signatures",
            "groups" : [
              "windows",
              "windows_application"
            ],
            "id" : "60608"
          },
          "decoder" : {
            "name" : "windows_eventchannel"
          },
          "input" : {
            "type" : "log"
          },
          "@timestamp" : "2022-11-11T20:20:40.911Z",
          "location" : "EventChannel",
          "id" : "1668198040.1063263",
          "timestamp" : "2022-11-11T20:20:40.911+0000"
        }
      },
      {
        "_index" : "wazuh-alerts-3.x-2022.11.11",
        "_type" : "_doc",
        "_id" : "Xa9WaIQBDfUCqeglBEnn",
        "_score" : 1.0,
        "_source" : {
          "agent" : {
            "ip" : "192.168.100.100",
            "name" : "workstation",
            "id" : "007"
          },
          "manager" : {
            "name" : "wazuhmanager"
          },
          "data" : {
            "win" : {
              "eventdata" : {
                "subjectLogonId" : "0x0",
                "ipAddress" : "10.222.222.45",
                "authenticationPackageName" : "NTLM",
                "workstationName" : "Bg5VSBE0dUOcXHfv",
                "subStatus" : "0xc0000064",
                "logonProcessName" : "NtLmSsp",
                "keyLength" : "0",
                "subjectUserSid" : "S-1-0-0",
                "processId" : "0x0",
                "ipPort" : "35229",
                "failureReason" : "%%2313",
                "targetUserSid" : "S-1-0-0",
                "logonType" : "3",
                "status" : "0xc000006d"
              },
              "system" : {
                "eventID" : "4625",
                "keywords" : "0x8010000000000000",
                "providerGuid" : "{54849625-5478-4994-A5BA-3E3B0328C30D}",
                "level" : "0",
                "channel" : "Security",
                "opcode" : "0",
                "message" : "\"An account failed to log on.\r\n\r\nSubject:\r\n\tSecurity ID:\t\tS-1-0-0\r\n\tAccount Name:\t\t-\r\n\tAccount Domain:\t\t-\r\n\tLogon ID:\t\t0x0\r\n\r\nLogon Type:\t\t\t3\r\n\r\nAccount For Which Logon Failed:\r\n\tSecurity ID:\t\tS-1-0-0\r\n\tAccount Name:\t\t\r\n\tAccount Domain:\t\t\r\n\r\nFailure Information:\r\n\tFailure Reason:\t\tUnknown user name or bad password.\r\n\tStatus:\t\t\t0xc000006d\r\n\tSub Status:\t\t0xc0000064\r\n\r\nProcess Information:\r\n\tCaller Process ID:\t0x0\r\n\tCaller Process Name:\t-\r\n\r\nNetwork Information:\r\n\tWorkstation Name:\tBg5VSBE0dUOcXHfv\r\n\tSource Network Address:\t10.222.222.45\r\n\tSource Port:\t\t35229\r\n\r\nDetailed Authentication Information:\r\n\tLogon Process:\t\tNtLmSsp \r\n\tAuthentication Package:\tNTLM\r\n\tTransited Services:\t-\r\n\tPackage Name (NTLM only):\t-\r\n\tKey Length:\t\t0\r\n\r\nThis event is generated when a logon request fails. It is generated on the computer where access was attempted.\r\n\r\nThe Subject fields indicate the account on the local system which requested the logon. This is most commonly a service such as the Server service, or a local process such as Winlogon.exe or Services.exe.\r\n\r\nThe Logon Type field indicates the kind of logon that was requested. The most common types are 2 (interactive) and 3 (network).\r\n\r\nThe Process Information fields indicate which account and process on the system requested the logon.\r\n\r\nThe Network Information fields indicate where a remote logon request originated. Workstation name is not always available and may be left blank in some cases.\r\n\r\nThe authentication information fields provide detailed information about this specific logon request.\r\n\t- Transited services indicate which intermediate services have participated in this logon request.\r\n\t- Package name indicates which sub-protocol was used among the NTLM protocols.\r\n\t- Key length indicates the length of the generated session key. This will be 0 if no session key was requested.\"",
                "version" : "0",
                "systemTime" : "2022-11-12T02:16:11.671200000Z",
                "eventRecordID" : "2002",
                "threadID" : "2528",
                "computer" : "ws-ot",
                "task" : "12544",
                "processID" : "460",
                "severityValue" : "AUDIT_FAILURE",
                "providerName" : "Microsoft-Windows-Security-Auditing"
              }
            }
          },
          "rule" : {
            "firedtimes" : 5,
            "mail" : false,
            "level" : 5,
            "pci_dss" : [
              "10.2.4",
              "10.2.5"
            ],
            "hipaa" : [
              "164.312.b"
            ],
            "tsc" : [
              "CC6.1",
              "CC6.8",
              "CC7.2",
              "CC7.3"
            ],
            "description" : "Logon Failure - Unknown user or bad password",
            "groups" : [
              "windows",
              "windows_security",
              "win_authentication_failed"
            ],
            "id" : "60122",
            "nist_800_53" : [
              "AU.14",
              "AC.7"
            ],
            "gpg13" : [
              "7.1"
            ],
            "gdpr" : [
              "IV_35.7.d",
              "IV_32.2"
            ]
          },
          "decoder" : {
            "name" : "windows_eventchannel"
          },
          "input" : {
            "type" : "log"
          },
          "@timestamp" : "2022-11-11T20:16:09.832Z",
          "location" : "EventChannel",
          "id" : "1668197769.1019961",
          "timestamp" : "2022-11-11T20:16:09.832+0000"
        }
      },
      {
        "_index" : "wazuh-alerts-3.x-2022.11.11",
        "_type" : "_doc",
        "_id" : "vbBZaIQBDfUCqeglmgHt",
        "_score" : 1.0,
        "_source" : {
          "agent" : {
            "ip" : "192.168.100.100",
            "name" : "workstation",
            "id" : "007"
          },
          "manager" : {
            "name" : "wazuhmanager"
          },
          "data" : {
            "win" : {
              "eventdata" : {
                "data" : "0, PnPRequestAdditionalSoftware, Not available, 0, x64, USB\\\\VID_0627&amp;PID_0001&amp;REV_0000, 6.1.0.0, 0409, input.inf, *, C:\\\\Users\\\\admin\\\\AppData\\\\Local\\\\Microsoft\\\\Windows\\\\WER\\\\ReportQueue\\\\NonCritical_x64_dc9b637cc17754c3e77aa5152293882c915d58d_0a1df1cd, 0, 98511d80-607e-11ed-b94b-00252aff2c9e, 0"
              },
              "system" : {
                "eventRecordID" : "410",
                "eventID" : "1001",
                "computer" : "ws-ot",
                "task" : "0",
                "keywords" : "0x80000000000000",
                "level" : "4",
                "severityValue" : "INFORMATION",
                "channel" : "Application",
                "message" : "\"Fault bucket , type 0\r\nEvent Name: PnPRequestAdditionalSoftware\r\nResponse: Not available\r\nCab Id: 0\r\n\r\nProblem signature:\r\nP1: x64\r\nP2: USB\\VID_0627&PID_0001&REV_0000\r\nP3: 6.1.0.0\r\nP4: 0409\r\nP5: input.inf\r\nP6: *\r\nP7: \r\nP8: \r\nP9: \r\nP10: \r\n\r\nAttached files:\r\n\r\nThese files may be available here:\r\nC:\\Users\\admin\\AppData\\Local\\Microsoft\\Windows\\WER\\ReportQueue\\NonCritical_x64_dc9b637cc17754c3e77aa5152293882c915d58d_0a1df1cd\r\n\r\nAnalysis symbol: \r\nRechecking for solution: 0\r\nReport Id: 98511d80-607e-11ed-b94b-00252aff2c9e\r\nReport Status: 0\"",
                "systemTime" : "2022-11-12T02:20:06.000000000Z",
                "providerName" : "Windows Error Reporting"
              }
            }
          },
          "rule" : {
            "firedtimes" : 1,
            "mail" : false,
            "level" : 4,
            "description" : "Summary event of the report's signatures",
            "groups" : [
              "windows",
              "windows_application"
            ],
            "id" : "60608"
          },
          "decoder" : {
            "name" : "windows_eventchannel"
          },
          "input" : {
            "type" : "log"
          },
          "@timestamp" : "2022-11-11T20:20:04.226Z",
          "location" : "EventChannel",
          "id" : "1668198004.1026002",
          "timestamp" : "2022-11-11T20:20:04.226+0000"
        }
      },
      {
        "_index" : "wazuh-alerts-3.x-2022.11.11",
        "_type" : "_doc",
        "_id" : "vrBZaIQBDfUCqeglmgHt",
        "_score" : 1.0,
        "_source" : {
          "agent" : {
            "ip" : "192.168.100.100",
            "name" : "workstation",
            "id" : "007"
          },
          "manager" : {
            "name" : "wazuhmanager"
          },
          "data" : {
            "win" : {
              "eventdata" : {
                "data" : "0, PnPRequestAdditionalSoftware, Not available, 0, x64, USB\\\\VID_0627&amp;PID_0001&amp;REV_0000, 6.1.0.0, 0409, input.inf, *, C:\\\\Users\\\\admin\\\\AppData\\\\Local\\\\Microsoft\\\\Windows\\\\WER\\\\ReportQueue\\\\NonCritical_x64_dc9b637cc17754c3e77aa5152293882c915d58d_cab_090444bc, 0, d9815a00-a011-11ec-bae0-f0d1976a3154, 0"
              },
              "system" : {
                "eventRecordID" : "411",
                "eventID" : "1001",
                "computer" : "ws-ot",
                "task" : "0",
                "keywords" : "0x80000000000000",
                "level" : "4",
                "severityValue" : "INFORMATION",
                "channel" : "Application",
                "message" : "\"Fault bucket , type 0\r\nEvent Name: PnPRequestAdditionalSoftware\r\nResponse: Not available\r\nCab Id: 0\r\n\r\nProblem signature:\r\nP1: x64\r\nP2: USB\\VID_0627&PID_0001&REV_0000\r\nP3: 6.1.0.0\r\nP4: 0409\r\nP5: input.inf\r\nP6: *\r\nP7: \r\nP8: \r\nP9: \r\nP10: \r\n\r\nAttached files:\r\n\r\nThese files may be available here:\r\nC:\\Users\\admin\\AppData\\Local\\Microsoft\\Windows\\WER\\ReportQueue\\NonCritical_x64_dc9b637cc17754c3e77aa5152293882c915d58d_cab_090444bc\r\n\r\nAnalysis symbol: \r\nRechecking for solution: 0\r\nReport Id: d9815a00-a011-11ec-bae0-f0d1976a3154\r\nReport Status: 0\"",
                "systemTime" : "2022-11-12T02:20:08.000000000Z",
                "providerName" : "Windows Error Reporting"
              }
            }
          },
          "rule" : {
            "firedtimes" : 2,
            "mail" : false,
            "level" : 4,
            "description" : "Summary event of the report's signatures",
            "groups" : [
              "windows",
              "windows_application"
            ],
            "id" : "60608"
          },
          "decoder" : {
            "name" : "windows_eventchannel"
          },
          "input" : {
            "type" : "log"
          },
          "@timestamp" : "2022-11-11T20:20:06.826Z",
          "location" : "EventChannel",
          "id" : "1668198006.1028642",
          "timestamp" : "2022-11-11T20:20:06.826+0000"
        }
      },
      {
        "_index" : "wazuh-alerts-3.x-2022.11.11",
        "_type" : "_doc",
        "_id" : "frBZaIQBDfUCqegltgZA",
        "_score" : 1.0,
        "_source" : {
          "agent" : {
            "ip" : "192.168.100.100",
            "name" : "workstation",
            "id" : "007"
          },
          "manager" : {
            "name" : "wazuhmanager"
          },
          "data" : {
            "win" : {
              "eventdata" : {
                "data" : "0, MpTelemetry, Not available, 0, 80072efe, EndSearch, Search, 6.1.7600.16385, MpSigDwn.dll, 6.1.7600.16385, Windows Defender,   C:\\\\Windows\\\\Temp\\\\MPTelemetrySubmit\\\\client_manifest.txt, C:\\\\ProgramData\\\\Microsoft\\\\Windows\\\\WER\\\\ReportQueue\\\\NonCritical_80072efe_eed54846deb8b3ece27f3b18d37b7066c8c31be_cab_0bee2efc, 0, e0ec0bb0-703b-11ec-98e2-c516cfe5108f, 0"
              },
              "system" : {
                "eventRecordID" : "415",
                "eventID" : "1001",
                "computer" : "ws-ot",
                "task" : "0",
                "keywords" : "0x80000000000000",
                "level" : "4",
                "severityValue" : "INFORMATION",
                "channel" : "Application",
                "message" : "\"Fault bucket , type 0\r\nEvent Name: MpTelemetry\r\nResponse: Not available\r\nCab Id: 0\r\n\r\nProblem signature:\r\nP1: 80072efe\r\nP2: EndSearch\r\nP3: Search\r\nP4: 6.1.7600.16385\r\nP5: MpSigDwn.dll\r\nP6: 6.1.7600.16385\r\nP7: Windows Defender\r\nP8: \r\nP9: \r\nP10: \r\n\r\nAttached files:\r\nC:\\Windows\\Temp\\MPTelemetrySubmit\\client_manifest.txt\r\n\r\nThese files may be available here:\r\nC:\\ProgramData\\Microsoft\\Windows\\WER\\ReportQueue\\NonCritical_80072efe_eed54846deb8b3ece27f3b18d37b7066c8c31be_cab_0bee2efc\r\n\r\nAnalysis symbol: \r\nRechecking for solution: 0\r\nReport Id: e0ec0bb0-703b-11ec-98e2-c516cfe5108f\r\nReport Status: 0\"",
                "systemTime" : "2022-11-12T02:20:19.000000000Z",
                "providerName" : "Windows Error Reporting"
              }
            }
          },
          "rule" : {
            "firedtimes" : 6,
            "mail" : false,
            "level" : 4,
            "description" : "Summary event of the report's signatures",
            "groups" : [
              "windows",
              "windows_application"
            ],
            "id" : "60608"
          },
          "decoder" : {
            "name" : "windows_eventchannel"
          },
          "input" : {
            "type" : "log"
          },
          "@timestamp" : "2022-11-11T20:20:17.308Z",
          "location" : "EventChannel",
          "id" : "1668198017.1039450",
          "timestamp" : "2022-11-11T20:20:17.308+0000"
        }
      },
      {
        "_index" : "wazuh-alerts-3.x-2022.11.11",
        "_type" : "_doc",
        "_id" : "DrBZaIQBDfUCqegluggp",
        "_score" : 1.0,
        "_source" : {
          "agent" : {
            "ip" : "192.168.100.100",
            "name" : "workstation",
            "id" : "007"
          },
          "manager" : {
            "name" : "wazuhmanager"
          },
          "data" : {
            "win" : {
              "eventdata" : {
                "data" : "0, MpTelemetry, Not available, 0, 8024402c, EndSearch, Search, 6.1.7600.16385, MpSigDwn.dll, 6.1.7600.16385, Windows Defender, C:\\\\ProgramData\\\\Microsoft\\\\Windows\\\\WER\\\\ReportQueue\\\\NonCritical_8024402c_a728027ac40dacf25be0b7dcff722b28db819_003e9d68, 0, 502fc9d0-6104-11ed-b565-00252aff2c9e, 0"
              },
              "system" : {
                "eventRecordID" : "416",
                "eventID" : "1001",
                "computer" : "ws-ot",
                "task" : "0",
                "keywords" : "0x80000000000000",
                "level" : "4",
                "severityValue" : "INFORMATION",
                "channel" : "Application",
                "message" : "\"Fault bucket , type 0\r\nEvent Name: MpTelemetry\r\nResponse: Not available\r\nCab Id: 0\r\n\r\nProblem signature:\r\nP1: 8024402c\r\nP2: EndSearch\r\nP3: Search\r\nP4: 6.1.7600.16385\r\nP5: MpSigDwn.dll\r\nP6: 6.1.7600.16385\r\nP7: Windows Defender\r\nP8: \r\nP9: \r\nP10: \r\n\r\nAttached files:\r\n\r\nThese files may be available here:\r\nC:\\ProgramData\\Microsoft\\Windows\\WER\\ReportQueue\\NonCritical_8024402c_a728027ac40dacf25be0b7dcff722b28db819_003e9d68\r\n\r\nAnalysis symbol: \r\nRechecking for solution: 0\r\nReport Id: 502fc9d0-6104-11ed-b565-00252aff2c9e\r\nReport Status: 0\"",
                "systemTime" : "2022-11-12T02:20:22.000000000Z",
                "providerName" : "Windows Error Reporting"
              }
            }
          },
          "rule" : {
            "firedtimes" : 7,
            "mail" : false,
            "level" : 4,
            "description" : "Summary event of the report's signatures",
            "groups" : [
              "windows",
              "windows_application"
            ],
            "id" : "60608"
          },
          "decoder" : {
            "name" : "windows_eventchannel"
          },
          "input" : {
            "type" : "log"
          },
          "@timestamp" : "2022-11-11T20:20:19.930Z",
          "location" : "EventChannel",
          "id" : "1668198019.1042316",
          "timestamp" : "2022-11-11T20:20:19.930+0000"
        }
      },
      {
        "_index" : "wazuh-alerts-3.x-2022.11.11",
        "_type" : "_doc",
        "_id" : "YbBZaIQBDfUCqegl3Q5T",
        "_score" : 1.0,
        "_source" : {
          "agent" : {
            "ip" : "192.168.100.100",
            "name" : "workstation",
            "id" : "007"
          },
          "manager" : {
            "name" : "wazuhmanager"
          },
          "data" : {
            "win" : {
              "eventdata" : {
                "data" : "0, MpTelemetry, Not available, 0, 8024402c, EndSearch, Search, 6.1.7600.16385, MpSigDwn.dll, 6.1.7600.16385, Windows Defender, C:\\\\ProgramData\\\\Microsoft\\\\Windows\\\\WER\\\\ReportQueue\\\\NonCritical_8024402c_a728027ac40dacf25be0b7dcff722b28db819_0910c38c, 0, 29613ab0-60f4-11ed-b565-00252aff2c9e, 0"
              },
              "system" : {
                "eventRecordID" : "419",
                "eventID" : "1001",
                "computer" : "ws-ot",
                "task" : "0",
                "keywords" : "0x80000000000000",
                "level" : "4",
                "severityValue" : "INFORMATION",
                "channel" : "Application",
                "message" : "\"Fault bucket , type 0\r\nEvent Name: MpTelemetry\r\nResponse: Not available\r\nCab Id: 0\r\n\r\nProblem signature:\r\nP1: 8024402c\r\nP2: EndSearch\r\nP3: Search\r\nP4: 6.1.7600.16385\r\nP5: MpSigDwn.dll\r\nP6: 6.1.7600.16385\r\nP7: Windows Defender\r\nP8: \r\nP9: \r\nP10: \r\n\r\nAttached files:\r\n\r\nThese files may be available here:\r\nC:\\ProgramData\\Microsoft\\Windows\\WER\\ReportQueue\\NonCritical_8024402c_a728027ac40dacf25be0b7dcff722b28db819_0910c38c\r\n\r\nAnalysis symbol: \r\nRechecking for solution: 0\r\nReport Id: 29613ab0-60f4-11ed-b565-00252aff2c9e\r\nReport Status: 0\"",
                "systemTime" : "2022-11-12T02:20:29.000000000Z",
                "providerName" : "Windows Error Reporting"
              }
            }
          },
          "rule" : {
            "firedtimes" : 10,
            "mail" : false,
            "level" : 4,
            "description" : "Summary event of the report's signatures",
            "groups" : [
              "windows",
              "windows_application"
            ],
            "id" : "60608"
          },
          "decoder" : {
            "name" : "windows_eventchannel"
          },
          "input" : {
            "type" : "log"
          },
          "@timestamp" : "2022-11-11T20:20:27.809Z",
          "location" : "EventChannel",
          "id" : "1668198027.1050104",
          "timestamp" : "2022-11-11T20:20:27.809+0000"
        }
      },
      {
        "_index" : "wazuh-alerts-3.x-2022.11.11",
        "_type" : "_doc",
        "_id" : "gbBZaIQBDfUCqegl6REN",
        "_score" : 1.0,
        "_source" : {
          "agent" : {
            "ip" : "192.168.100.100",
            "name" : "workstation",
            "id" : "007"
          },
          "manager" : {
            "name" : "wazuhmanager"
          },
          "data" : {
            "win" : {
              "eventdata" : {
                "data" : "0, MpTelemetry, Not available, 0, 8024402c, EndSearch, Search, 6.1.7600.16385, MpSigDwn.dll, 6.1.7600.16385, Windows Defender, C:\\\\ProgramData\\\\Microsoft\\\\Windows\\\\WER\\\\ReportQueue\\\\NonCritical_8024402c_a728027ac40dacf25be0b7dcff722b28db819_09b75e68, 0, 72a3f310-609b-11ed-b565-00252aff2c9e, 0"
              },
              "system" : {
                "eventRecordID" : "420",
                "eventID" : "1001",
                "computer" : "ws-ot",
                "task" : "0",
                "keywords" : "0x80000000000000",
                "level" : "4",
                "severityValue" : "INFORMATION",
                "channel" : "Application",
                "message" : "\"Fault bucket , type 0\r\nEvent Name: MpTelemetry\r\nResponse: Not available\r\nCab Id: 0\r\n\r\nProblem signature:\r\nP1: 8024402c\r\nP2: EndSearch\r\nP3: Search\r\nP4: 6.1.7600.16385\r\nP5: MpSigDwn.dll\r\nP6: 6.1.7600.16385\r\nP7: Windows Defender\r\nP8: \r\nP9: \r\nP10: \r\n\r\nAttached files:\r\n\r\nThese files may be available here:\r\nC:\\ProgramData\\Microsoft\\Windows\\WER\\ReportQueue\\NonCritical_8024402c_a728027ac40dacf25be0b7dcff722b28db819_09b75e68\r\n\r\nAnalysis symbol: \r\nRechecking for solution: 0\r\nReport Id: 72a3f310-609b-11ed-b565-00252aff2c9e\r\nReport Status: 0\"",
                "systemTime" : "2022-11-12T02:20:32.000000000Z",
                "providerName" : "Windows Error Reporting"
              }
            }
          },
          "rule" : {
            "firedtimes" : 11,
            "mail" : false,
            "level" : 4,
            "description" : "Summary event of the report's signatures",
            "groups" : [
              "windows",
              "windows_application"
            ],
            "id" : "60608"
          },
          "decoder" : {
            "name" : "windows_eventchannel"
          },
          "input" : {
            "type" : "log"
          },
          "@timestamp" : "2022-11-11T20:20:30.428Z",
          "location" : "EventChannel",
          "id" : "1668198030.1052700",
          "timestamp" : "2022-11-11T20:20:30.428+0000"
        }
      }
    ]
  }
}
