      {
        "_index" : "wazuh-alerts-3.x-2022.11.11",
        "_type" : "_doc",
        "_id" : "X6YpaIQBDfUCqeglYlGI",
        "_score" : 1.0,
        "_source" : {
          "agent" : {
            "ip" : "192.168.100.100",
            "name" : "workstation",
            "id" : "007"
          },
          "manager" : {
            "name" : "wazuhmanager"
          },
          "data" : {
            "win" : {
              "eventdata" : {
                "subjectLogonId" : "0x0",
                "authenticationPackageName" : "NTLM",
                "workstationName" : "kali-ot",
                "subStatus" : "0xc000006a",
                "logonProcessName" : "NtLmSsp",
                "targetUserName" : "admin",
                "keyLength" : "0",
                "subjectUserSid" : "S-1-0-0",
                "processId" : "0x0",
                "failureReason" : "%%2313",
                "targetUserSid" : "S-1-0-0",
                "logonType" : "3",
                "status" : "0xc000006d"
              },
              "system" : {
                "eventID" : "4625",
                "keywords" : "0x8010000000000000",
                "providerGuid" : "{54849625-5478-4994-A5BA-3E3B0328C30D}",
                "level" : "0",
                "channel" : "Security",
                "opcode" : "0",
                "message" : "\"An account failed to log on.\r\n\r\nSubject:\r\n\tSecurity ID:\t\tS-1-0-0\r\n\tAccount Name:\t\t-\r\n\tAccount Domain:\t\t-\r\n\tLogon ID:\t\t0x0\r\n\r\nLogon Type:\t\t\t3\r\n\r\nAccount For Which Logon Failed:\r\n\tSecurity ID:\t\tS-1-0-0\r\n\tAccount Name:\t\tadmin\r\n\tAccount Domain:\t\t\r\n\r\nFailure Information:\r\n\tFailure Reason:\t\tUnknown user name or bad password.\r\n\tStatus:\t\t\t0xc000006d\r\n\tSub Status:\t\t0xc000006a\r\n\r\nProcess Information:\r\n\tCaller Process ID:\t0x0\r\n\tCaller Process Name:\t-\r\n\r\nNetwork Information:\r\n\tWorkstation Name:\tkali-ot\r\n\tSource Network Address:\t-\r\n\tSource Port:\t\t-\r\n\r\nDetailed Authentication Information:\r\n\tLogon Process:\t\tNtLmSsp \r\n\tAuthentication Package:\tNTLM\r\n\tTransited Services:\t-\r\n\tPackage Name (NTLM only):\t-\r\n\tKey Length:\t\t0\r\n\r\nThis event is generated when a logon request fails. It is generated on the computer where access was attempted.\r\n\r\nThe Subject fields indicate the account on the local system which requested the logon. This is most commonly a service such as the Server service, or a local process such as Winlogon.exe or Services.exe.\r\n\r\nThe Logon Type field indicates the kind of logon that was requested. The most common types are 2 (interactive) and 3 (network).\r\n\r\nThe Process Information fields indicate which account and process on the system requested the logon.\r\n\r\nThe Network Information fields indicate where a remote logon request originated. Workstation name is not always available and may be left blank in some cases.\r\n\r\nThe authentication information fields provide detailed information about this specific logon request.\r\n\t- Transited services indicate which intermediate services have participated in this logon request.\r\n\t- Package name indicates which sub-protocol was used among the NTLM protocols.\r\n\t- Key length indicates the length of the generated session key. This will be 0 if no session key was requested.\"",
                "version" : "0",
                "systemTime" : "2022-11-12T01:26:44.205000000Z",
                "eventRecordID" : "1800",
                "threadID" : "2176",
                "computer" : "ws-ot",
                "task" : "12544",
                "processID" : "488",
                "severityValue" : "AUDIT_FAILURE",
                "providerName" : "Microsoft-Windows-Security-Auditing"
              }
            }
          },
          "rule" : {
            "firedtimes" : 10,
            "mail" : false,
            "level" : 5,
            "pci_dss" : [
              "10.2.4",
              "10.2.5"
            ],
            "hipaa" : [
              "164.312.b"
            ],
            "tsc" : [
              "CC6.1",
              "CC6.8",
              "CC7.2",
              "CC7.3"
            ],
            "description" : "Logon Failure - Unknown user or bad password",
            "groups" : [
              "windows",
              "windows_security",
              "win_authentication_failed"
            ],
            "id" : "60122",
            "nist_800_53" : [
              "AU.14",
              "AC.7"
            ],
            "gpg13" : [
              "7.1"
            ],
            "gdpr" : [
              "IV_35.7.d",
              "IV_32.2"
            ]
          },
          "decoder" : {
            "name" : "windows_eventchannel"
          },
          "input" : {
            "type" : "log"
          },
          "@timestamp" : "2022-11-11T19:27:25.161Z",
          "location" : "EventChannel",
          "id" : "1668194845.82016",
          "timestamp" : "2022-11-11T19:27:25.161+0000"
        }
      },
      {
        "_index" : "wazuh-alerts-3.x-2022.11.11",
        "_type" : "_doc",
        "_id" : "YqYpaIQBDfUCqeglYlGI",
        "_score" : 1.0,
        "_source" : {
          "agent" : {
            "ip" : "192.168.100.100",
            "name" : "workstation",
            "id" : "007"
          },
          "manager" : {
            "name" : "wazuhmanager"
          },
          "data" : {
            "win" : {
              "eventdata" : {
                "packetsDiscarded" : "152916",
                "type" : "%%14640"
              },
              "system" : {
                "eventID" : "5149",
                "keywords" : "0x8010000000000000",
                "providerGuid" : "{54849625-5478-4994-A5BA-3E3B0328C30D}",
                "level" : "0",
                "channel" : "Security",
                "opcode" : "0",
                "message" : "\"The DoS attack has subsided and normal processing is being resumed.\r\n\r\nNetwork Information:\r\n\tType:\t\tICMP Echo-Request\r\n\tPackets Discarded:\t\t\t152916\"",
                "version" : "0",
                "systemTime" : "2022-11-12T01:26:44.657400000Z",
                "eventRecordID" : "1803",
                "threadID" : "52",
                "computer" : "ws-ot",
                "task" : "12804",
                "processID" : "4",
                "severityValue" : "AUDIT_FAILURE",
                "providerName" : "Microsoft-Windows-Security-Auditing"
              }
            }
          },
          "rule" : {
            "firedtimes" : 1,
            "mail" : false,
            "level" : 5,
            "pci_dss" : [
              "10.6.1"
            ],
            "hipaa" : [
              "164.312.b"
            ],
            "tsc" : [
              "CC7.2",
              "CC7.3"
            ],
            "description" : "Windows audit failure event",
            "groups" : [
              "windows",
              "windows_security"
            ],
            "id" : "60104",
            "nist_800_53" : [
              "AU.6"
            ],
            "gdpr" : [
              "IV_35.7.d"
            ]
          },
          "decoder" : {
            "name" : "windows_eventchannel"
          },
          "input" : {
            "type" : "log"
          },
          "@timestamp" : "2022-11-11T19:27:25.207Z",
          "location" : "EventChannel",
          "id" : "1668194845.96306",
          "timestamp" : "2022-11-11T19:27:25.207+0000"
        }
      },
      {
        "_index" : "wazuh-alerts-3.x-2022.11.11",
        "_type" : "_doc",
        "_id" : "WKYpaIQBDfUCqeglYlGI",
        "_score" : 1.0,
        "_source" : {
          "agent" : {
            "ip" : "192.168.100.100",
            "name" : "workstation",
            "id" : "007"
          },
          "manager" : {
            "name" : "wazuhmanager"
          },
          "data" : {
            "win" : {
              "eventdata" : {
                "subjectLogonId" : "0x0",
                "authenticationPackageName" : "NTLM",
                "workstationName" : "kali-ot",
                "lmPackageName" : "NTLM V2",
                "targetLogonId" : "0x788059",
                "logonProcessName" : "NtLmSsp",
                "logonGuid" : "{00000000-0000-0000-0000-000000000000}",
                "targetUserName" : "admin",
                "keyLength" : "128",
                "subjectUserSid" : "S-1-0-0",
                "processId" : "0x0",
                "targetDomainName" : "WS-OT",
                "targetUserSid" : "S-1-5-21-4007524664-390538599-4252332654-1000",
                "logonType" : "3"
              },
              "system" : {
                "eventID" : "4624",
                "keywords" : "0x8020000000000000",
                "providerGuid" : "{54849625-5478-4994-A5BA-3E3B0328C30D}",
                "level" : "0",
                "channel" : "Security",
                "opcode" : "0",
                "message" : "\"An account was successfully logged on.\r\n\r\nSubject:\r\n\tSecurity ID:\t\tS-1-0-0\r\n\tAccount Name:\t\t-\r\n\tAccount Domain:\t\t-\r\n\tLogon ID:\t\t0x0\r\n\r\nLogon Type:\t\t\t3\r\n\r\nNew Logon:\r\n\tSecurity ID:\t\tS-1-5-21-4007524664-390538599-4252332654-1000\r\n\tAccount Name:\t\tadmin\r\n\tAccount Domain:\t\tWS-OT\r\n\tLogon ID:\t\t0x788059\r\n\tLogon GUID:\t\t{00000000-0000-0000-0000-000000000000}\r\n\r\nProcess Information:\r\n\tProcess ID:\t\t0x0\r\n\tProcess Name:\t\t-\r\n\r\nNetwork Information:\r\n\tWorkstation Name:\tkali-ot\r\n\tSource Network Address:\t-\r\n\tSource Port:\t\t-\r\n\r\nDetailed Authentication Information:\r\n\tLogon Process:\t\tNtLmSsp \r\n\tAuthentication Package:\tNTLM\r\n\tTransited Services:\t-\r\n\tPackage Name (NTLM only):\tNTLM V2\r\n\tKey Length:\t\t128\r\n\r\nThis event is generated when a logon session is created. It is generated on the computer that was accessed.\r\n\r\nThe subject fields indicate the account on the local system which requested the logon. This is most commonly a service such as the Server service, or a local process such as Winlogon.exe or Services.exe.\r\n\r\nThe logon type field indicates the kind of logon that occurred. The most common types are 2 (interactive) and 3 (network).\r\n\r\nThe New Logon fields indicate the account for whom the new logon was created, i.e. the account that was logged on.\r\n\r\nThe network fields indicate where a remote logon request originated. Workstation name is not always available and may be left blank in some cases.\r\n\r\nThe authentication information fields provide detailed information about this specific logon request.\r\n\t- Logon GUID is a unique identifier that can be used to correlate this event with a KDC event.\r\n\t- Transited services indicate which intermediate services have participated in this logon request.\r\n\t- Package name indicates which sub-protocol was used among the NTLM protocols.\r\n\t- Key length indicates the length of the generated session key. This will be 0 if no session key was requested.\"",
                "version" : "0",
                "systemTime" : "2022-11-12T01:26:43.534200000Z",
                "eventRecordID" : "1793",
                "threadID" : "2336",
                "computer" : "ws-ot",
                "task" : "12544",
                "processID" : "488",
                "severityValue" : "AUDIT_SUCCESS",
                "providerName" : "Microsoft-Windows-Security-Auditing"
              }
            }
          },
          "rule" : {
            "mail" : false,
            "level" : 3,
            "pci_dss" : [
              "10.2.5"
            ],
            "hipaa" : [
              "164.312.b"
            ],
            "tsc" : [
              "CC6.8",
              "CC7.2",
              "CC7.3"
            ],
            "description" : "Windows Logon Success",
            "groups" : [
              "windows",
              "windows_security",
              "authentication_success"
            ],
            "nist_800_53" : [
              "AU.14",
              "AC.7"
            ],
            "gdpr" : [
              "IV_32.2"
            ],
            "firedtimes" : 1,
            "mitre" : {
              "technique" : [
                "Valid Accounts"
              ],
              "id" : [
                "T1078"
              ],
              "tactic" : [
                "Defense Evasion",
                "Initial Access",
                "Persistence",
                "Privilege Escalation"
              ]
            },
            "id" : "60106",
            "gpg13" : [
              "7.1",
              "7.2"
            ]
          },
          "decoder" : {
            "name" : "windows_eventchannel"
          },
          "input" : {
            "type" : "log"
          },
          "@timestamp" : "2022-11-11T19:27:25.051Z",
          "location" : "EventChannel",
          "id" : "1668194845.40220",
          "timestamp" : "2022-11-11T19:27:25.051+0000"
        }
      },
      {
        "_index" : "wazuh-alerts-3.x-2022.11.11",
        "_type" : "_doc",
        "_id" : "WqYpaIQBDfUCqeglYlGI",
        "_score" : 1.0,
        "_source" : {
          "agent" : {
            "ip" : "192.168.100.100",
            "name" : "workstation",
            "id" : "007"
          },
          "manager" : {
            "name" : "wazuhmanager"
          },
          "data" : {
            "win" : {
              "eventdata" : {
                "subjectLogonId" : "0x0",
                "authenticationPackageName" : "NTLM",
                "workstationName" : "kali-ot",
                "subStatus" : "0xc000006a",
                "logonProcessName" : "NtLmSsp",
                "targetUserName" : "admin",
                "keyLength" : "0",
                "subjectUserSid" : "S-1-0-0",
                "processId" : "0x0",
                "failureReason" : "%%2313",
                "targetUserSid" : "S-1-0-0",
                "logonType" : "3",
                "status" : "0xc000006d"
              },
              "system" : {
                "eventID" : "4625",
                "keywords" : "0x8010000000000000",
                "providerGuid" : "{54849625-5478-4994-A5BA-3E3B0328C30D}",
                "level" : "0",
                "channel" : "Security",
                "opcode" : "0",
                "message" : "\"An account failed to log on.\r\n\r\nSubject:\r\n\tSecurity ID:\t\tS-1-0-0\r\n\tAccount Name:\t\t-\r\n\tAccount Domain:\t\t-\r\n\tLogon ID:\t\t0x0\r\n\r\nLogon Type:\t\t\t3\r\n\r\nAccount For Which Logon Failed:\r\n\tSecurity ID:\t\tS-1-0-0\r\n\tAccount Name:\t\tadmin\r\n\tAccount Domain:\t\t\r\n\r\nFailure Information:\r\n\tFailure Reason:\t\tUnknown user name or bad password.\r\n\tStatus:\t\t\t0xc000006d\r\n\tSub Status:\t\t0xc000006a\r\n\r\nProcess Information:\r\n\tCaller Process ID:\t0x0\r\n\tCaller Process Name:\t-\r\n\r\nNetwork Information:\r\n\tWorkstation Name:\tkali-ot\r\n\tSource Network Address:\t-\r\n\tSource Port:\t\t-\r\n\r\nDetailed Authentication Information:\r\n\tLogon Process:\t\tNtLmSsp \r\n\tAuthentication Package:\tNTLM\r\n\tTransited Services:\t-\r\n\tPackage Name (NTLM only):\t-\r\n\tKey Length:\t\t0\r\n\r\nThis event is generated when a logon request fails. It is generated on the computer where access was attempted.\r\n\r\nThe Subject fields indicate the account on the local system which requested the logon. This is most commonly a service such as the Server service, or a local process such as Winlogon.exe or Services.exe.\r\n\r\nThe Logon Type field indicates the kind of logon that was requested. The most common types are 2 (interactive) and 3 (network).\r\n\r\nThe Process Information fields indicate which account and process on the system requested the logon.\r\n\r\nThe Network Information fields indicate where a remote logon request originated. Workstation name is not always available and may be left blank in some cases.\r\n\r\nThe authentication information fields provide detailed information about this specific logon request.\r\n\t- Transited services indicate which intermediate services have participated in this logon request.\r\n\t- Package name indicates which sub-protocol was used among the NTLM protocols.\r\n\t- Key length indicates the length of the generated session key. This will be 0 if no session key was requested.\"",
                "version" : "0",
                "systemTime" : "2022-11-12T01:26:43.768200000Z",
                "eventRecordID" : "1795",
                "threadID" : "2336",
                "computer" : "ws-ot",
                "task" : "12544",
                "processID" : "488",
                "severityValue" : "AUDIT_FAILURE",
                "providerName" : "Microsoft-Windows-Security-Auditing"
              }
            }
          },
          "rule" : {
            "firedtimes" : 5,
            "mail" : false,
            "level" : 5,
            "pci_dss" : [
              "10.2.4",
              "10.2.5"
            ],
            "hipaa" : [
              "164.312.b"
            ],
            "tsc" : [
              "CC6.1",
              "CC6.8",
              "CC7.2",
              "CC7.3"
            ],
            "description" : "Logon Failure - Unknown user or bad password",
            "groups" : [
              "windows",
              "windows_security",
              "win_authentication_failed"
            ],
            "id" : "60122",
            "nist_800_53" : [
              "AU.14",
              "AC.7"
            ],
            "gpg13" : [
              "7.1"
            ],
            "gdpr" : [
              "IV_35.7.d",
              "IV_32.2"
            ]
          },
          "decoder" : {
            "name" : "windows_eventchannel"
          },
          "input" : {
            "type" : "log"
          },
          "@timestamp" : "2022-11-11T19:27:25.082Z",
          "location" : "EventChannel",
          "id" : "1668194845.52366",
          "timestamp" : "2022-11-11T19:27:25.082+0000"
        }
      },
      {
        "_index" : "wazuh-alerts-3.x-2022.11.11",
        "_type" : "_doc",
        "_id" : "YKYpaIQBDfUCqeglYlGI",
        "_score" : 1.0,
        "_source" : {
          "agent" : {
            "ip" : "192.168.100.100",
            "name" : "workstation",
            "id" : "007"
          },
          "manager" : {
            "name" : "wazuhmanager"
          },
          "data" : {
            "win" : {
              "eventdata" : {
                "subjectLogonId" : "0x0",
                "authenticationPackageName" : "NTLM",
                "workstationName" : "kali-ot",
                "subStatus" : "0xc000006a",
                "logonProcessName" : "NtLmSsp",
                "targetUserName" : "admin",
                "keyLength" : "0",
                "subjectUserSid" : "S-1-0-0",
                "processId" : "0x0",
                "failureReason" : "%%2313",
                "targetUserSid" : "S-1-0-0",
                "logonType" : "3",
                "status" : "0xc000006d"
              },
              "system" : {
                "eventID" : "4625",
                "keywords" : "0x8010000000000000",
                "providerGuid" : "{54849625-5478-4994-A5BA-3E3B0328C30D}",
                "level" : "0",
                "channel" : "Security",
                "opcode" : "0",
                "message" : "\"An account failed to log on.\r\n\r\nSubject:\r\n\tSecurity ID:\t\tS-1-0-0\r\n\tAccount Name:\t\t-\r\n\tAccount Domain:\t\t-\r\n\tLogon ID:\t\t0x0\r\n\r\nLogon Type:\t\t\t3\r\n\r\nAccount For Which Logon Failed:\r\n\tSecurity ID:\t\tS-1-0-0\r\n\tAccount Name:\t\tadmin\r\n\tAccount Domain:\t\t\r\n\r\nFailure Information:\r\n\tFailure Reason:\t\tUnknown user name or bad password.\r\n\tStatus:\t\t\t0xc000006d\r\n\tSub Status:\t\t0xc000006a\r\n\r\nProcess Information:\r\n\tCaller Process ID:\t0x0\r\n\tCaller Process Name:\t-\r\n\r\nNetwork Information:\r\n\tWorkstation Name:\tkali-ot\r\n\tSource Network Address:\t-\r\n\tSource Port:\t\t-\r\n\r\nDetailed Authentication Information:\r\n\tLogon Process:\t\tNtLmSsp \r\n\tAuthentication Package:\tNTLM\r\n\tTransited Services:\t-\r\n\tPackage Name (NTLM only):\t-\r\n\tKey Length:\t\t0\r\n\r\nThis event is generated when a logon request fails. It is generated on the computer where access was attempted.\r\n\r\nThe Subject fields indicate the account on the local system which requested the logon. This is most commonly a service such as the Server service, or a local process such as Winlogon.exe or Services.exe.\r\n\r\nThe Logon Type field indicates the kind of logon that was requested. The most common types are 2 (interactive) and 3 (network).\r\n\r\nThe Process Information fields indicate which account and process on the system requested the logon.\r\n\r\nThe Network Information fields indicate where a remote logon request originated. Workstation name is not always available and may be left blank in some cases.\r\n\r\nThe authentication information fields provide detailed information about this specific logon request.\r\n\t- Transited services indicate which intermediate services have participated in this logon request.\r\n\t- Package name indicates which sub-protocol was used among the NTLM protocols.\r\n\t- Key length indicates the length of the generated session key. This will be 0 if no session key was requested.\"",
                "version" : "0",
                "systemTime" : "2022-11-12T01:26:44.236200000Z",
                "eventRecordID" : "1801",
                "threadID" : "2176",
                "computer" : "ws-ot",
                "task" : "12544",
                "processID" : "488",
                "severityValue" : "AUDIT_FAILURE",
                "providerName" : "Microsoft-Windows-Security-Auditing"
              }
            }
          },
          "rule" : {
            "firedtimes" : 11,
            "mail" : false,
            "level" : 5,
            "pci_dss" : [
              "10.2.4",
              "10.2.5"
            ],
            "hipaa" : [
              "164.312.b"
            ],
            "tsc" : [
              "CC6.1",
              "CC6.8",
              "CC7.2",
              "CC7.3"
            ],
            "description" : "Logon Failure - Unknown user or bad password",
            "groups" : [
              "windows",
              "windows_security",
              "win_authentication_failed"
            ],
            "id" : "60122",
            "nist_800_53" : [
              "AU.14",
              "AC.7"
            ],
            "gpg13" : [
              "7.1"
            ],
            "gdpr" : [
              "IV_35.7.d",
              "IV_32.2"
            ]
          },
          "decoder" : {
            "name" : "windows_eventchannel"
          },
          "input" : {
            "type" : "log"
          },
          "@timestamp" : "2022-11-11T19:27:25.176Z",
          "location" : "EventChannel",
          "id" : "1668194845.87946",
          "timestamp" : "2022-11-11T19:27:25.176+0000"
        }
      }
    ]
  }
}
